<?xml version="1.0" encoding="UTF-8"?>
<!-- Generated by org.testng.reporters.JUnitReportReporter -->
<testsuite skipped="0" hostname="DESKTOP-LCT1QCQ" name="org.sample.SampleClass" tests="1" failures="0" timestamp="14 Mar 2022 04:32:45 GMT" time="0.016" errors="0">
  <testcase name="test1" time="0.016" classname="org.sample.SampleClass"/>
</testsuite> <!-- org.sample.SampleClass -->
